2025-07-19 14:55:10,597 - INFO - === Starting S3 Bucket Audit Script ===
2025-07-19 14:55:10,603 - INFO - Step 1: Retrieving S3 bucket information...
2025-07-19 14:55:10,933 - INFO - Found credentials in shared credentials file: ~/.aws/credentials
2025-07-19 14:55:11,909 - INFO - Connecting to AWS S3 service...
2025-07-19 14:55:44,228 - INFO - Successfully retrieved 1 S3 buckets
2025-07-19 14:55:44,229 - INFO - Step 2: Generating Excel compliance report...
2025-07-19 14:55:44,291 - ERROR - Failed to create Excel report: No module named 'openpyxl'
2025-07-19 14:55:44,292 - INFO - Script completed successfully in 33.69 seconds
2025-07-19 14:55:44,292 - INFO - === S3 Bucket Audit Complete ===
2025-07-19 14:56:35,666 - INFO - === Starting S3 Bucket Audit Script ===
2025-07-19 14:56:35,666 - INFO - Step 1: Retrieving S3 bucket information...
2025-07-19 14:56:35,708 - INFO - Found credentials in shared credentials file: ~/.aws/credentials
2025-07-19 14:56:36,185 - INFO - Connecting to AWS S3 service...
2025-07-19 14:59:11,886 - ERROR - Failed to retrieve S3 buckets: Could not connect to the endpoint URL: "https://s3.amazonaws.com/"
2025-07-19 14:59:11,887 - INFO - Step 2: Generating Excel compliance report...
2025-07-19 14:59:11,950 - WARNING - No bucket data to export - creating empty report
2025-07-19 14:59:12,616 - INFO - Excel report saved as: s3_buckets_report.xlsx
2025-07-19 14:59:12,616 - INFO - Report contains 0 bucket records
2025-07-19 14:59:12,616 - INFO - Script completed successfully in 156.95 seconds
2025-07-19 14:59:12,616 - INFO - === S3 Bucket Audit Complete ===
2025-07-19 15:03:28,442 - INFO - === Starting S3 Bucket Audit Script ===
2025-07-19 15:03:28,443 - INFO - Step 1: Retrieving S3 bucket information...
2025-07-19 15:03:28,494 - INFO - Found credentials in shared credentials file: ~/.aws/credentials
2025-07-19 15:03:28,951 - INFO - Connecting to AWS S3 service...
2025-07-19 15:03:29,326 - INFO - Successfully retrieved 1 S3 buckets
2025-07-19 15:03:29,328 - INFO - Step 2: Generating Excel compliance report...
2025-07-19 15:03:29,790 - ERROR - Failed to create Excel report: Excel does not support datetimes with timezones. Please ensure that datetimes are timezone unaware before writing to Excel.
2025-07-19 15:03:29,790 - INFO - Script completed successfully in 1.35 seconds
2025-07-19 15:03:29,790 - INFO - === S3 Bucket Audit Complete ===
2025-07-19 15:04:33,889 - INFO - === Starting S3 Bucket Audit Script ===
2025-07-19 15:04:33,889 - INFO - Step 1: Retrieving S3 bucket information...
2025-07-19 15:04:33,944 - INFO - Found credentials in shared credentials file: ~/.aws/credentials
2025-07-19 15:04:34,343 - INFO - Connecting to AWS S3 service...
2025-07-19 15:06:49,087 - INFO - Successfully retrieved 1 S3 buckets
2025-07-19 15:06:49,093 - INFO - Step 2: Generating Excel compliance report...
2025-07-19 15:06:49,632 - INFO - Excel report saved as: s3_buckets_report.xlsx
2025-07-19 15:06:49,632 - INFO - Report contains 1 bucket records
2025-07-19 15:06:49,633 - INFO - Script completed successfully in 135.74 seconds
2025-07-19 15:06:49,633 - INFO - === S3 Bucket Audit Complete ===
